<?xml version="1.0" encoding="UTF-8" ?>
<testsuite errors="0" failures="0" hostname="ISS-CR2928A" name="test.ISSTest" skipped="0" tests="8" time="0.547" timestamp="2019-03-08T06:29:58">
  <properties>
[...]
</properties>
  <testcase classname="test.ISSTest" name="sortListByItemDescending" time="0.0" />
  <testcase classname="test.ISSTest" name="delFromList" time="0.0" />
  <testcase classname="test.ISSTest" name="sortListByDateAscending" time="0.25" />
  <testcase classname="test.ISSTest" name="sortListByItemAscending" time="0.0" />
  <testcase classname="test.ISSTest" name="addToList" time="0.0" />
  <testcase classname="test.ISSTest" name="delFromEmptyList" time="0.0" />
  <testcase classname="test.ISSTest" name="viewListItem" time="0.0" />
  <testcase classname="test.ISSTest" name="sortListByDateDescending" time="0.251" />
  <system-out><![CDATA[hi]]></system-out>
  <system-err><![CDATA[]]></system-err>
</testsuite>
